<?xml version="1.0" encoding="UTF-8"?>
<!-- Generated by org.testng.reporters.JUnitXMLReporter -->
<testsuite ignored="0" hostname="JAGANSRINADHU" failures="0" tests="3" name="Test" time="13.674" errors="0" timestamp="2023-12-24T17:03:04 IST">
  <testcase classname="com.restcalls.org.PostCall" name="test" time="9.084"/>
  <testcase classname="com.restcalls.org.PutCall" name="putRequestUsingExtenalFile1" time="9.083"/>
  <testcase classname="com.restcalls.org.GetCall" name="getEmployee" time="13.247"/>
</testsuite> <!-- Test -->
